[debug] [2021-02-05T11:45:18.509Z] ----------------------------------------------------------------------
[debug] [2021-02-05T11:45:18.511Z] Command:       C:\Program Files\nodejs\node.exe C:\Users\Praveen\AppData\Roaming\npm\node_modules\firebase-tools\lib\bin\firebase.js init
[debug] [2021-02-05T11:45:18.512Z] CLI Version:   9.2.2
[debug] [2021-02-05T11:45:18.512Z] Platform:      win32
[debug] [2021-02-05T11:45:18.512Z] Node Version:  v14.15.1
[debug] [2021-02-05T11:45:18.514Z] Time:          Fri Feb 05 2021 17:15:18 GMT+0530 (India Standard Time)
[debug] [2021-02-05T11:45:18.514Z] ----------------------------------------------------------------------
[debug] [2021-02-05T11:45:18.514Z] 
[debug] [2021-02-05T11:45:18.522Z] > command requires scopes: ["email","openid","https://www.googleapis.com/auth/cloudplatformprojects.readonly","https://www.googleapis.com/auth/firebase","https://www.googleapis.com/auth/cloud-platform"]
[debug] [2021-02-05T11:45:18.523Z] > authorizing via signed-in user
[info] 
     ######## #### ########  ######## ########     ###     ######  ########
     ##        ##  ##     ## ##       ##     ##  ##   ##  ##       ##
     ######    ##  ########  ######   ########  #########  ######  ######
     ##        ##  ##    ##  ##       ##     ## ##     ##       ## ##
     ##       #### ##     ## ######## ########  ##     ##  ######  ########

You're about to initialize a Firebase project in this directory:

  D:\Web development\Reactjs\amazon-clone

Before we get started, keep in mind:

  * You are initializing in an existing Firebase project directory

[info] 
=== Project Setup
[info] 
[info] First, let's associate this project directory with a Firebase project.
[info] You can create multiple project aliases by running firebase use --add, 
[info] but for now we'll just set up a default project.
[info] 
[info] i  .firebaserc already has a default project, using clone-a332b. 
[debug] [2021-02-05T11:45:28.875Z] > refreshing access token with scopes: []
[debug] [2021-02-05T11:45:28.876Z] >>> HTTP REQUEST POST https://www.googleapis.com/oauth2/v3/token  
 <request body omitted>
[debug] [2021-02-05T11:45:28.936Z] Authentication Error: Your credentials are no longer valid. Please run firebase login --reauth

For CI servers and headless environments, generate a new token with firebase login:ci
[debug] [2021-02-05T11:45:28.953Z] FirebaseError: Authentication Error: Your credentials are no longer valid. Please run firebase login --reauth

For CI servers and headless environments, generate a new token with firebase login:ci
    at Object.<anonymous> (C:\Users\Praveen\AppData\Roaming\npm\node_modules\firebase-tools\lib\auth.js:23:32)
    at Module._compile (internal/modules/cjs/loader.js:1063:30)
    at Object.Module._extensions..js (internal/modules/cjs/loader.js:1092:10)
    at Module.load (internal/modules/cjs/loader.js:928:32)
    at Function.Module._load (internal/modules/cjs/loader.js:769:14)
    at Module.require (internal/modules/cjs/loader.js:952:19)
    at require (internal/modules/cjs/helpers.js:88:18)
    at Object.<anonymous> (C:\Users\Praveen\AppData\Roaming\npm\node_modules\firebase-tools\lib\init\features\hosting\github.js:11:16)
    at Module._compile (internal/modules/cjs/loader.js:1063:30)
    at Object.Module._extensions..js (internal/modules/cjs/loader.js:1092:10)
    at Module.load (internal/modules/cjs/loader.js:928:32)
    at Function.Module._load (internal/modules/cjs/loader.js:769:14)
    at Module.require (internal/modules/cjs/loader.js:952:19)
    at require (internal/modules/cjs/helpers.js:88:18)
    at Object.<anonymous> (C:\Users\Praveen\AppData\Roaming\npm\node_modules\firebase-tools\lib\init\features\hosting\index.js:5:24)
    at Module._compile (internal/modules/cjs/loader.js:1063:30)
[error] 
[error] Error: Failed to get Firebase project clone-a332b. Please make sure the project exists and your account has permission to access it.
